<?xml version="1.0" encoding="UTF-8"?>
<testsuite xmlns:xsi="http://www.w3.org/2001/XMLSchema-instance" xsi:noNamespaceSchemaLocation="https://maven.apache.org/surefire/maven-surefire-plugin/xsd/surefire-test-report.xsd" name="com.vassarlabs.proj.launch.StudentHubLaunchServiceTest" time="0.006" tests="1" errors="0" skipped="0" failures="0">
  <properties>
    <property name="sun.desktop" value="gnome"/>
    <property name="awt.toolkit" value="sun.awt.X11.XToolkit"/>
    <property name="file.encoding.pkg" value="sun.io"/>
    <property name="java.specification.version" value="1.8"/>
    <property name="sun.cpu.isalist" value=""/>
    <property name="sun.jnu.encoding" value="UTF-8"/>
    <property name="java.class.path" value="/home/shubham-vassar/shubham/Student-Hub/proj/launch/target/test-classes:/home/shubham-vassar/shubham/Student-Hub/proj/launch/target/classes:/home/shubham-vassar/.m2/repository/org/springframework/boot/spring-boot-starter-web/2.1.5.RELEASE/spring-boot-starter-web-2.1.5.RELEASE.jar:/home/shubham-vassar/.m2/repository/org/springframework/boot/spring-boot-starter/2.1.5.RELEASE/spring-boot-starter-2.1.5.RELEASE.jar:/home/shubham-vassar/.m2/repository/org/springframework/boot/spring-boot-starter-logging/2.1.5.RELEASE/spring-boot-starter-logging-2.1.5.RELEASE.jar:/home/shubham-vassar/.m2/repository/ch/qos/logback/logback-classic/1.2.3/logback-classic-1.2.3.jar:/home/shubham-vassar/.m2/repository/ch/qos/logback/logback-core/1.2.3/logback-core-1.2.3.jar:/home/shubham-vassar/.m2/repository/org/apache/logging/log4j/log4j-to-slf4j/2.11.2/log4j-to-slf4j-2.11.2.jar:/home/shubham-vassar/.m2/repository/org/apache/logging/log4j/log4j-api/2.11.2/log4j-api-2.11.2.jar:/home/shubham-vassar/.m2/repository/org/slf4j/jul-to-slf4j/1.7.26/jul-to-slf4j-1.7.26.jar:/home/shubham-vassar/.m2/repository/javax/annotation/javax.annotation-api/1.3.2/javax.annotation-api-1.3.2.jar:/home/shubham-vassar/.m2/repository/org/springframework/spring-core/5.1.7.RELEASE/spring-core-5.1.7.RELEASE.jar:/home/shubham-vassar/.m2/repository/org/springframework/spring-jcl/5.1.7.RELEASE/spring-jcl-5.1.7.RELEASE.jar:/home/shubham-vassar/.m2/repository/org/yaml/snakeyaml/1.23/snakeyaml-1.23.jar:/home/shubham-vassar/.m2/repository/org/springframework/boot/spring-boot-starter-json/2.1.5.RELEASE/spring-boot-starter-json-2.1.5.RELEASE.jar:/home/shubham-vassar/.m2/repository/com/fasterxml/jackson/datatype/jackson-datatype-jdk8/2.9.8/jackson-datatype-jdk8-2.9.8.jar:/home/shubham-vassar/.m2/repository/com/fasterxml/jackson/datatype/jackson-datatype-jsr310/2.9.8/jackson-datatype-jsr310-2.9.8.jar:/home/shubham-vassar/.m2/repository/com/fasterxml/jackson/module/jackson-module-parameter-names/2.9.8/jackson-module-parameter-names-2.9.8.jar:/home/shubham-vassar/.m2/repository/org/springframework/boot/spring-boot-starter-tomcat/2.1.5.RELEASE/spring-boot-starter-tomcat-2.1.5.RELEASE.jar:/home/shubham-vassar/.m2/repository/org/apache/tomcat/embed/tomcat-embed-core/9.0.19/tomcat-embed-core-9.0.19.jar:/home/shubham-vassar/.m2/repository/org/apache/tomcat/embed/tomcat-embed-el/9.0.19/tomcat-embed-el-9.0.19.jar:/home/shubham-vassar/.m2/repository/org/apache/tomcat/embed/tomcat-embed-websocket/9.0.19/tomcat-embed-websocket-9.0.19.jar:/home/shubham-vassar/.m2/repository/org/hibernate/validator/hibernate-validator/6.0.16.Final/hibernate-validator-6.0.16.Final.jar:/home/shubham-vassar/.m2/repository/javax/validation/validation-api/2.0.1.Final/validation-api-2.0.1.Final.jar:/home/shubham-vassar/.m2/repository/org/jboss/logging/jboss-logging/3.3.2.Final/jboss-logging-3.3.2.Final.jar:/home/shubham-vassar/.m2/repository/com/fasterxml/classmate/1.4.0/classmate-1.4.0.jar:/home/shubham-vassar/.m2/repository/org/springframework/spring-web/5.1.7.RELEASE/spring-web-5.1.7.RELEASE.jar:/home/shubham-vassar/.m2/repository/org/springframework/spring-beans/5.1.7.RELEASE/spring-beans-5.1.7.RELEASE.jar:/home/shubham-vassar/.m2/repository/org/springframework/spring-webmvc/5.1.7.RELEASE/spring-webmvc-5.1.7.RELEASE.jar:/home/shubham-vassar/.m2/repository/org/springframework/spring-expression/5.1.7.RELEASE/spring-expression-5.1.7.RELEASE.jar:/home/shubham-vassar/.m2/repository/com/datastax/cassandra/cassandra-driver-core/3.5.0/cassandra-driver-core-3.5.0.jar:/home/shubham-vassar/.m2/repository/io/netty/netty-handler/4.1.36.Final/netty-handler-4.1.36.Final.jar:/home/shubham-vassar/.m2/repository/io/netty/netty-common/4.1.36.Final/netty-common-4.1.36.Final.jar:/home/shubham-vassar/.m2/repository/io/netty/netty-buffer/4.1.36.Final/netty-buffer-4.1.36.Final.jar:/home/shubham-vassar/.m2/repository/io/netty/netty-transport/4.1.36.Final/netty-transport-4.1.36.Final.jar:/home/shubham-vassar/.m2/repository/io/netty/netty-resolver/4.1.36.Final/netty-resolver-4.1.36.Final.jar:/home/shubham-vassar/.m2/repository/io/netty/netty-codec/4.1.36.Final/netty-codec-4.1.36.Final.jar:/home/shubham-vassar/.m2/repository/com/google/guava/guava/19.0/guava-19.0.jar:/home/shubham-vassar/.m2/repository/io/dropwizard/metrics/metrics-core/4.0.5/metrics-core-4.0.5.jar:/home/shubham-vassar/.m2/repository/org/slf4j/slf4j-api/1.7.26/slf4j-api-1.7.26.jar:/home/shubham-vassar/.m2/repository/com/github/jnr/jnr-ffi/2.1.7/jnr-ffi-2.1.7.jar:/home/shubham-vassar/.m2/repository/com/github/jnr/jffi/1.2.16/jffi-1.2.16.jar:/home/shubham-vassar/.m2/repository/com/github/jnr/jffi/1.2.16/jffi-1.2.16-native.jar:/home/shubham-vassar/.m2/repository/org/ow2/asm/asm/5.0.3/asm-5.0.3.jar:/home/shubham-vassar/.m2/repository/org/ow2/asm/asm-commons/5.0.3/asm-commons-5.0.3.jar:/home/shubham-vassar/.m2/repository/org/ow2/asm/asm-analysis/5.0.3/asm-analysis-5.0.3.jar:/home/shubham-vassar/.m2/repository/org/ow2/asm/asm-tree/5.0.3/asm-tree-5.0.3.jar:/home/shubham-vassar/.m2/repository/org/ow2/asm/asm-util/5.0.3/asm-util-5.0.3.jar:/home/shubham-vassar/.m2/repository/com/github/jnr/jnr-x86asm/1.0.2/jnr-x86asm-1.0.2.jar:/home/shubham-vassar/.m2/repository/com/github/jnr/jnr-posix/3.0.44/jnr-posix-3.0.44.jar:/home/shubham-vassar/.m2/repository/com/github/jnr/jnr-constants/0.9.9/jnr-constants-0.9.9.jar:/home/shubham-vassar/.m2/repository/junit/junit/3.8.1/junit-3.8.1.jar:/home/shubham-vassar/shubham/Student-Hub/proj/cassandra/target/com-vassarlabs-proj-cassandra-1.0-SNAPSHOT.jar:/home/shubham-vassar/.m2/repository/org/springframework/data/spring-data-cassandra/2.1.8.RELEASE/spring-data-cassandra-2.1.8.RELEASE.jar:/home/shubham-vassar/.m2/repository/org/springframework/spring-tx/5.1.7.RELEASE/spring-tx-5.1.7.RELEASE.jar:/home/shubham-vassar/.m2/repository/org/springframework/data/spring-data-commons/2.1.8.RELEASE/spring-data-commons-2.1.8.RELEASE.jar:/home/shubham-vassar/.m2/repository/org/springframework/boot/spring-boot/2.1.5.RELEASE/spring-boot-2.1.5.RELEASE.jar:/home/shubham-vassar/.m2/repository/org/springframework/boot/spring-boot-autoconfigure/2.1.5.RELEASE/spring-boot-autoconfigure-2.1.5.RELEASE.jar:/home/shubham-vassar/.m2/repository/org/slf4j/slf4j-simple/1.7.26/slf4j-simple-1.7.26.jar:/home/shubham-vassar/.m2/repository/com/fasterxml/jackson/core/jackson-databind/2.9.8/jackson-databind-2.9.8.jar:/home/shubham-vassar/.m2/repository/com/fasterxml/jackson/core/jackson-annotations/2.9.0/jackson-annotations-2.9.0.jar:/home/shubham-vassar/.m2/repository/com/fasterxml/jackson/core/jackson-core/2.9.8/jackson-core-2.9.8.jar:/home/shubham-vassar/.m2/repository/org/projectlombok/lombok/1.18.8/lombok-1.18.8.jar:/home/shubham-vassar/.m2/repository/org/springframework/spring-context/5.1.7.RELEASE/spring-context-5.1.7.RELEASE.jar:/home/shubham-vassar/.m2/repository/org/springframework/spring-aop/5.1.7.RELEASE/spring-aop-5.1.7.RELEASE.jar:/home/shubham-vassar/.m2/repository/com/opencsv/opencsv/3.8/opencsv-3.8.jar:/home/shubham-vassar/.m2/repository/org/apache/commons/commons-lang3/3.8.1/commons-lang3-3.8.1.jar:/home/shubham-vassar/.m2/repository/commons-beanutils/commons-beanutils/1.9.2/commons-beanutils-1.9.2.jar:/home/shubham-vassar/.m2/repository/commons-logging/commons-logging/1.1.1/commons-logging-1.1.1.jar:/home/shubham-vassar/.m2/repository/commons-collections/commons-collections/3.2.1/commons-collections-3.2.1.jar:/home/shubham-vassar/.m2/repository/org/aspectj/aspectjrt/1.9.4/aspectjrt-1.9.4.jar:/home/shubham-vassar/.m2/repository/org/aspectj/aspectjweaver/1.9.4/aspectjweaver-1.9.4.jar:/home/shubham-vassar/.m2/repository/org/aspectj/aspectjtools/1.9.4/aspectjtools-1.9.4.jar:/home/shubham-vassar/shubham/Student-Hub/proj/dsp/target/com-vassarlabs-proj-dsp-1.0-SNAPSHOT.jar:/home/shubham-vassar/shubham/Student-Hub/proj/utils/target/com-vassarlabs-proj-utils-0.0.1-SNAPSHOT.jar:/home/shubham-vassar/shubham/Student-Hub/prod/platform/common/utils/target/com-vassarlabs-prod-platform-common-utils-1.0-SNAPSHOT.jar:/home/shubham-vassar/.m2/repository/commons-io/commons-io/2.6/commons-io-2.6.jar:/home/shubham-vassar/shubham/Student-Hub/proj/dashboard/target/com-vassarlabs-proj-dashboard-1.0-SNAPSHOT.jar:/home/shubham-vassar/shubham/Student-Hub/proj/location/target/com-vassarlabs-proj-location-1.0-SNAPSHOT.jar:/home/shubham-vassar/shubham/Student-Hub/prod/platform/fileupload/service/target/com-vassarlabs-prod-platform-fileupload-service-1.0-SNAPSHOT.jar:/home/shubham-vassar/shubham/Student-Hub/prod/platform/fileupload/impl/target/com-vassarlabs-prod-platform-fileupload-impl-1.0-SNAPSHOT.jar:/home/shubham-vassar/shubham/Student-Hub/prod/platform/fileupload/api/target/com-vassarlabs-prod-platform-fileupload-api-1.0-SNAPSHOT.jar:/home/shubham-vassar/shubham/Student-Hub/prod/platform/fileupload/utils/target/com-vassarlabs-prod-platform-fileupload-utils-1.0-SNAPSHOT.jar:/home/shubham-vassar/.m2/repository/log4j/log4j/1.2.17/log4j-1.2.17.jar:"/>
    <property name="java.vm.vendor" value="Private Build"/>
    <property name="sun.arch.data.model" value="64"/>
    <property name="java.vendor.url" value="http://java.oracle.com/"/>
    <property name="user.timezone" value=""/>
    <property name="java.vm.specification.version" value="1.8"/>
    <property name="os.name" value="Linux"/>
    <property name="user.country" value="US"/>
    <property name="sun.java.launcher" value="SUN_STANDARD"/>
    <property name="sun.boot.library.path" value="/usr/lib/jvm/java-8-openjdk-amd64/jre/lib/amd64"/>
    <property name="sun.java.command" value="/home/shubham-vassar/shubham/Student-Hub/proj/launch/target/surefire/surefirebooter5355456903151010943.jar /home/shubham-vassar/shubham/Student-Hub/proj/launch/target/surefire 2019-09-03T17-42-03_694-jvmRun1 surefire6270401035117131347tmp surefire_06913640080954676040tmp"/>
    <property name="surefire.test.class.path" value="/home/shubham-vassar/shubham/Student-Hub/proj/launch/target/test-classes:/home/shubham-vassar/shubham/Student-Hub/proj/launch/target/classes:/home/shubham-vassar/.m2/repository/org/springframework/boot/spring-boot-starter-web/2.1.5.RELEASE/spring-boot-starter-web-2.1.5.RELEASE.jar:/home/shubham-vassar/.m2/repository/org/springframework/boot/spring-boot-starter/2.1.5.RELEASE/spring-boot-starter-2.1.5.RELEASE.jar:/home/shubham-vassar/.m2/repository/org/springframework/boot/spring-boot-starter-logging/2.1.5.RELEASE/spring-boot-starter-logging-2.1.5.RELEASE.jar:/home/shubham-vassar/.m2/repository/ch/qos/logback/logback-classic/1.2.3/logback-classic-1.2.3.jar:/home/shubham-vassar/.m2/repository/ch/qos/logback/logback-core/1.2.3/logback-core-1.2.3.jar:/home/shubham-vassar/.m2/repository/org/apache/logging/log4j/log4j-to-slf4j/2.11.2/log4j-to-slf4j-2.11.2.jar:/home/shubham-vassar/.m2/repository/org/apache/logging/log4j/log4j-api/2.11.2/log4j-api-2.11.2.jar:/home/shubham-vassar/.m2/repository/org/slf4j/jul-to-slf4j/1.7.26/jul-to-slf4j-1.7.26.jar:/home/shubham-vassar/.m2/repository/javax/annotation/javax.annotation-api/1.3.2/javax.annotation-api-1.3.2.jar:/home/shubham-vassar/.m2/repository/org/springframework/spring-core/5.1.7.RELEASE/spring-core-5.1.7.RELEASE.jar:/home/shubham-vassar/.m2/repository/org/springframework/spring-jcl/5.1.7.RELEASE/spring-jcl-5.1.7.RELEASE.jar:/home/shubham-vassar/.m2/repository/org/yaml/snakeyaml/1.23/snakeyaml-1.23.jar:/home/shubham-vassar/.m2/repository/org/springframework/boot/spring-boot-starter-json/2.1.5.RELEASE/spring-boot-starter-json-2.1.5.RELEASE.jar:/home/shubham-vassar/.m2/repository/com/fasterxml/jackson/datatype/jackson-datatype-jdk8/2.9.8/jackson-datatype-jdk8-2.9.8.jar:/home/shubham-vassar/.m2/repository/com/fasterxml/jackson/datatype/jackson-datatype-jsr310/2.9.8/jackson-datatype-jsr310-2.9.8.jar:/home/shubham-vassar/.m2/repository/com/fasterxml/jackson/module/jackson-module-parameter-names/2.9.8/jackson-module-parameter-names-2.9.8.jar:/home/shubham-vassar/.m2/repository/org/springframework/boot/spring-boot-starter-tomcat/2.1.5.RELEASE/spring-boot-starter-tomcat-2.1.5.RELEASE.jar:/home/shubham-vassar/.m2/repository/org/apache/tomcat/embed/tomcat-embed-core/9.0.19/tomcat-embed-core-9.0.19.jar:/home/shubham-vassar/.m2/repository/org/apache/tomcat/embed/tomcat-embed-el/9.0.19/tomcat-embed-el-9.0.19.jar:/home/shubham-vassar/.m2/repository/org/apache/tomcat/embed/tomcat-embed-websocket/9.0.19/tomcat-embed-websocket-9.0.19.jar:/home/shubham-vassar/.m2/repository/org/hibernate/validator/hibernate-validator/6.0.16.Final/hibernate-validator-6.0.16.Final.jar:/home/shubham-vassar/.m2/repository/javax/validation/validation-api/2.0.1.Final/validation-api-2.0.1.Final.jar:/home/shubham-vassar/.m2/repository/org/jboss/logging/jboss-logging/3.3.2.Final/jboss-logging-3.3.2.Final.jar:/home/shubham-vassar/.m2/repository/com/fasterxml/classmate/1.4.0/classmate-1.4.0.jar:/home/shubham-vassar/.m2/repository/org/springframework/spring-web/5.1.7.RELEASE/spring-web-5.1.7.RELEASE.jar:/home/shubham-vassar/.m2/repository/org/springframework/spring-beans/5.1.7.RELEASE/spring-beans-5.1.7.RELEASE.jar:/home/shubham-vassar/.m2/repository/org/springframework/spring-webmvc/5.1.7.RELEASE/spring-webmvc-5.1.7.RELEASE.jar:/home/shubham-vassar/.m2/repository/org/springframework/spring-expression/5.1.7.RELEASE/spring-expression-5.1.7.RELEASE.jar:/home/shubham-vassar/.m2/repository/com/datastax/cassandra/cassandra-driver-core/3.5.0/cassandra-driver-core-3.5.0.jar:/home/shubham-vassar/.m2/repository/io/netty/netty-handler/4.1.36.Final/netty-handler-4.1.36.Final.jar:/home/shubham-vassar/.m2/repository/io/netty/netty-common/4.1.36.Final/netty-common-4.1.36.Final.jar:/home/shubham-vassar/.m2/repository/io/netty/netty-buffer/4.1.36.Final/netty-buffer-4.1.36.Final.jar:/home/shubham-vassar/.m2/repository/io/netty/netty-transport/4.1.36.Final/netty-transport-4.1.36.Final.jar:/home/shubham-vassar/.m2/repository/io/netty/netty-resolver/4.1.36.Final/netty-resolver-4.1.36.Final.jar:/home/shubham-vassar/.m2/repository/io/netty/netty-codec/4.1.36.Final/netty-codec-4.1.36.Final.jar:/home/shubham-vassar/.m2/repository/com/google/guava/guava/19.0/guava-19.0.jar:/home/shubham-vassar/.m2/repository/io/dropwizard/metrics/metrics-core/4.0.5/metrics-core-4.0.5.jar:/home/shubham-vassar/.m2/repository/org/slf4j/slf4j-api/1.7.26/slf4j-api-1.7.26.jar:/home/shubham-vassar/.m2/repository/com/github/jnr/jnr-ffi/2.1.7/jnr-ffi-2.1.7.jar:/home/shubham-vassar/.m2/repository/com/github/jnr/jffi/1.2.16/jffi-1.2.16.jar:/home/shubham-vassar/.m2/repository/com/github/jnr/jffi/1.2.16/jffi-1.2.16-native.jar:/home/shubham-vassar/.m2/repository/org/ow2/asm/asm/5.0.3/asm-5.0.3.jar:/home/shubham-vassar/.m2/repository/org/ow2/asm/asm-commons/5.0.3/asm-commons-5.0.3.jar:/home/shubham-vassar/.m2/repository/org/ow2/asm/asm-analysis/5.0.3/asm-analysis-5.0.3.jar:/home/shubham-vassar/.m2/repository/org/ow2/asm/asm-tree/5.0.3/asm-tree-5.0.3.jar:/home/shubham-vassar/.m2/repository/org/ow2/asm/asm-util/5.0.3/asm-util-5.0.3.jar:/home/shubham-vassar/.m2/repository/com/github/jnr/jnr-x86asm/1.0.2/jnr-x86asm-1.0.2.jar:/home/shubham-vassar/.m2/repository/com/github/jnr/jnr-posix/3.0.44/jnr-posix-3.0.44.jar:/home/shubham-vassar/.m2/repository/com/github/jnr/jnr-constants/0.9.9/jnr-constants-0.9.9.jar:/home/shubham-vassar/.m2/repository/junit/junit/3.8.1/junit-3.8.1.jar:/home/shubham-vassar/shubham/Student-Hub/proj/cassandra/target/com-vassarlabs-proj-cassandra-1.0-SNAPSHOT.jar:/home/shubham-vassar/.m2/repository/org/springframework/data/spring-data-cassandra/2.1.8.RELEASE/spring-data-cassandra-2.1.8.RELEASE.jar:/home/shubham-vassar/.m2/repository/org/springframework/spring-tx/5.1.7.RELEASE/spring-tx-5.1.7.RELEASE.jar:/home/shubham-vassar/.m2/repository/org/springframework/data/spring-data-commons/2.1.8.RELEASE/spring-data-commons-2.1.8.RELEASE.jar:/home/shubham-vassar/.m2/repository/org/springframework/boot/spring-boot/2.1.5.RELEASE/spring-boot-2.1.5.RELEASE.jar:/home/shubham-vassar/.m2/repository/org/springframework/boot/spring-boot-autoconfigure/2.1.5.RELEASE/spring-boot-autoconfigure-2.1.5.RELEASE.jar:/home/shubham-vassar/.m2/repository/org/slf4j/slf4j-simple/1.7.26/slf4j-simple-1.7.26.jar:/home/shubham-vassar/.m2/repository/com/fasterxml/jackson/core/jackson-databind/2.9.8/jackson-databind-2.9.8.jar:/home/shubham-vassar/.m2/repository/com/fasterxml/jackson/core/jackson-annotations/2.9.0/jackson-annotations-2.9.0.jar:/home/shubham-vassar/.m2/repository/com/fasterxml/jackson/core/jackson-core/2.9.8/jackson-core-2.9.8.jar:/home/shubham-vassar/.m2/repository/org/projectlombok/lombok/1.18.8/lombok-1.18.8.jar:/home/shubham-vassar/.m2/repository/org/springframework/spring-context/5.1.7.RELEASE/spring-context-5.1.7.RELEASE.jar:/home/shubham-vassar/.m2/repository/org/springframework/spring-aop/5.1.7.RELEASE/spring-aop-5.1.7.RELEASE.jar:/home/shubham-vassar/.m2/repository/com/opencsv/opencsv/3.8/opencsv-3.8.jar:/home/shubham-vassar/.m2/repository/org/apache/commons/commons-lang3/3.8.1/commons-lang3-3.8.1.jar:/home/shubham-vassar/.m2/repository/commons-beanutils/commons-beanutils/1.9.2/commons-beanutils-1.9.2.jar:/home/shubham-vassar/.m2/repository/commons-logging/commons-logging/1.1.1/commons-logging-1.1.1.jar:/home/shubham-vassar/.m2/repository/commons-collections/commons-collections/3.2.1/commons-collections-3.2.1.jar:/home/shubham-vassar/.m2/repository/org/aspectj/aspectjrt/1.9.4/aspectjrt-1.9.4.jar:/home/shubham-vassar/.m2/repository/org/aspectj/aspectjweaver/1.9.4/aspectjweaver-1.9.4.jar:/home/shubham-vassar/.m2/repository/org/aspectj/aspectjtools/1.9.4/aspectjtools-1.9.4.jar:/home/shubham-vassar/shubham/Student-Hub/proj/dsp/target/com-vassarlabs-proj-dsp-1.0-SNAPSHOT.jar:/home/shubham-vassar/shubham/Student-Hub/proj/utils/target/com-vassarlabs-proj-utils-0.0.1-SNAPSHOT.jar:/home/shubham-vassar/shubham/Student-Hub/prod/platform/common/utils/target/com-vassarlabs-prod-platform-common-utils-1.0-SNAPSHOT.jar:/home/shubham-vassar/.m2/repository/commons-io/commons-io/2.6/commons-io-2.6.jar:/home/shubham-vassar/shubham/Student-Hub/proj/dashboard/target/com-vassarlabs-proj-dashboard-1.0-SNAPSHOT.jar:/home/shubham-vassar/shubham/Student-Hub/proj/location/target/com-vassarlabs-proj-location-1.0-SNAPSHOT.jar:/home/shubham-vassar/shubham/Student-Hub/prod/platform/fileupload/service/target/com-vassarlabs-prod-platform-fileupload-service-1.0-SNAPSHOT.jar:/home/shubham-vassar/shubham/Student-Hub/prod/platform/fileupload/impl/target/com-vassarlabs-prod-platform-fileupload-impl-1.0-SNAPSHOT.jar:/home/shubham-vassar/shubham/Student-Hub/prod/platform/fileupload/api/target/com-vassarlabs-prod-platform-fileupload-api-1.0-SNAPSHOT.jar:/home/shubham-vassar/shubham/Student-Hub/prod/platform/fileupload/utils/target/com-vassarlabs-prod-platform-fileupload-utils-1.0-SNAPSHOT.jar:/home/shubham-vassar/.m2/repository/log4j/log4j/1.2.17/log4j-1.2.17.jar:"/>
    <property name="sun.cpu.endian" value="little"/>
    <property name="user.home" value="/home/shubham-vassar"/>
    <property name="user.language" value="en"/>
    <property name="java.specification.vendor" value="Oracle Corporation"/>
    <property name="java.home" value="/usr/lib/jvm/java-8-openjdk-amd64/jre"/>
    <property name="basedir" value="/home/shubham-vassar/shubham/Student-Hub/proj/launch"/>
    <property name="file.separator" value="/"/>
    <property name="line.separator" value="&#10;"/>
    <property name="java.vm.specification.vendor" value="Oracle Corporation"/>
    <property name="java.specification.name" value="Java Platform API Specification"/>
    <property name="java.awt.graphicsenv" value="sun.awt.X11GraphicsEnvironment"/>
    <property name="surefire.real.class.path" value="/home/shubham-vassar/shubham/Student-Hub/proj/launch/target/surefire/surefirebooter5355456903151010943.jar"/>
    <property name="sun.boot.class.path" value="/usr/lib/jvm/java-8-openjdk-amd64/jre/lib/resources.jar:/usr/lib/jvm/java-8-openjdk-amd64/jre/lib/rt.jar:/usr/lib/jvm/java-8-openjdk-amd64/jre/lib/sunrsasign.jar:/usr/lib/jvm/java-8-openjdk-amd64/jre/lib/jsse.jar:/usr/lib/jvm/java-8-openjdk-amd64/jre/lib/jce.jar:/usr/lib/jvm/java-8-openjdk-amd64/jre/lib/charsets.jar:/usr/lib/jvm/java-8-openjdk-amd64/jre/lib/jfr.jar:/usr/lib/jvm/java-8-openjdk-amd64/jre/classes"/>
    <property name="sun.management.compiler" value="HotSpot 64-Bit Tiered Compilers"/>
    <property name="java.runtime.version" value="1.8.0_222-8u222-b10-1ubuntu1~18.04.1-b10"/>
    <property name="user.name" value="shubham-vassar"/>
    <property name="path.separator" value=":"/>
    <property name="os.version" value="4.15.0-58-generic"/>
    <property name="java.endorsed.dirs" value="/usr/lib/jvm/java-8-openjdk-amd64/jre/lib/endorsed"/>
    <property name="java.runtime.name" value="OpenJDK Runtime Environment"/>
    <property name="file.encoding" value="UTF-8"/>
    <property name="java.vm.name" value="OpenJDK 64-Bit Server VM"/>
    <property name="localRepository" value="/home/shubham-vassar/.m2/repository"/>
    <property name="java.vendor.url.bug" value="http://bugreport.sun.com/bugreport/"/>
    <property name="java.io.tmpdir" value="/tmp"/>
    <property name="java.version" value="1.8.0_222"/>
    <property name="user.dir" value="/home/shubham-vassar/shubham/Student-Hub/proj/launch"/>
    <property name="os.arch" value="amd64"/>
    <property name="java.vm.specification.name" value="Java Virtual Machine Specification"/>
    <property name="java.awt.printerjob" value="sun.print.PSPrinterJob"/>
    <property name="sun.os.patch.level" value="unknown"/>
    <property name="java.library.path" value="/usr/java/packages/lib/amd64:/usr/lib/x86_64-linux-gnu/jni:/lib/x86_64-linux-gnu:/usr/lib/x86_64-linux-gnu:/usr/lib/jni:/lib:/usr/lib"/>
    <property name="java.vm.info" value="mixed mode"/>
    <property name="java.vendor" value="Private Build"/>
    <property name="java.vm.version" value="25.222-b10"/>
    <property name="java.ext.dirs" value="/usr/lib/jvm/java-8-openjdk-amd64/jre/lib/ext:/usr/java/packages/lib/ext"/>
    <property name="sun.io.unicode.encoding" value="UnicodeLittle"/>
    <property name="java.class.version" value="52.0"/>
  </properties>
  <testcase name="testApp" classname="com.vassarlabs.proj.launch.StudentHubLaunchServiceTest" time="0.001"/>
</testsuite>